# JRE version: Java(TM) SE Runtime Environment (22.0.1+8) (build 22.0.1+8-16)
# Java VM: Java HotSpot(TM) 64-Bit Server VM (22.0.1+8-16, mixed mode, sharing, tiered, compressed oops, compressed class ptrs, g1 gc, windows-amd64)
GC Precious Log:
 CardTable entry size: 512
 Card Set container configuration: InlinePtr #cards 5 size 8 Array Of Cards #cards 12 size 40 Howl #buckets 4 coarsen threshold 1843 Howl Bitmap #cards 512 size 80 coarsen threshold 460 Card regions per heap region 1 cards per card region 2048
 CPUs: 12 total, 12 available
 Memory: 7521M
 Large Page Support: Disabled
 NUMA Support: Disabled
 Compressed Oops: Enabled (32-bit)
 Heap Region Size: 1M
 Heap Min Capacity: 8M
 Heap Initial Capacity: 118M
 Heap Max Capacity: 1882M
 Pre-touch: Disabled
 Parallel Workers: 10
 Concurrent Workers: 3
 Concurrent Refinement Workers: 10
 Periodic GC: Disabled
Heap:
 garbage-first heap   total reserved 1927168K, committed 210944K, used 162691K [0x000000008a600000, 0x0000000100000000)
  region size 1024K, 51 young (52224K), 10 survivors (10240K)
 Metaspace       used 55588K, committed 56832K, reserved 1114112K
  class space    used 6047K, committed 6592K, reserved 1048576K
GC Heap History (20 events):
Event: 7.812 GC heap after
{Heap after GC invocations=21 (full 0):
 garbage-first heap   total reserved 1927168K, committed 79872K, used 46080K [0x000000008a600000, 0x0000000100000000)
  region size 1024K, 4 young (4096K), 4 survivors (4096K)
 Metaspace       used 54628K, committed 55936K, reserved 1114112K
  class space    used 5972K, committed 6528K, reserved 1048576K
}
Event: 7.893 GC heap before
{Heap before GC invocations=21 (full 0):
 garbage-first heap   total reserved 1927168K, committed 79872K, used 70656K [0x000000008a600000, 0x0000000100000000)
  region size 1024K, 28 young (28672K), 4 survivors (4096K)
 Metaspace       used 54685K, committed 56000K, reserved 1114112K
  class space    used 5972K, committed 6528K, reserved 1048576K
}
Event: 7.898 GC heap after
{Heap after GC invocations=22 (full 0):
 garbage-first heap   total reserved 1927168K, committed 80896K, used 49316K [0x000000008a600000, 0x0000000100000000)
  region size 1024K, 4 young (4096K), 4 survivors (4096K)
 Metaspace       used 54685K, committed 56000K, reserved 1114112K
  class space    used 5972K, committed 6528K, reserved 1048576K
}
Event: 7.961 GC heap before
{Heap before GC invocations=22 (full 0):
 garbage-first heap   total reserved 1927168K, committed 80896K, used 70820K [0x000000008a600000, 0x0000000100000000)
  region size 1024K, 25 young (25600K), 4 survivors (4096K)
 Metaspace       used 54690K, committed 56000K, reserved 1114112K
  class space    used 5972K, committed 6528K, reserved 1048576K
}
Event: 7.965 GC heap after
{Heap after GC invocations=23 (full 0):
 garbage-first heap   total reserved 1927168K, committed 80896K, used 53616K [0x000000008a600000, 0x0000000100000000)
  region size 1024K, 4 young (4096K), 4 survivors (4096K)
 Metaspace       used 54690K, committed 56000K, reserved 1114112K
  class space    used 5972K, committed 6528K, reserved 1048576K
}
Event: 8.041 GC heap before
{Heap before GC invocations=24 (full 0):
 garbage-first heap   total reserved 1927168K, committed 91136K, used 71024K [0x000000008a600000, 0x0000000100000000)
  region size 1024K, 21 young (21504K), 4 survivors (4096K)
 Metaspace       used 54712K, committed 56000K, reserved 1114112K
  class space    used 5972K, committed 6528K, reserved 1048576K
}
Event: 8.045 GC heap after
{Heap after GC invocations=25 (full 0):
 garbage-first heap   total reserved 1927168K, committed 91136K, used 56395K [0x000000008a600000, 0x0000000100000000)
  region size 1024K, 3 young (3072K), 3 survivors (3072K)
 Metaspace       used 54712K, committed 56000K, reserved 1114112K
  class space    used 5972K, committed 6528K, reserved 1048576K
}
Event: 8.128 GC heap before
{Heap before GC invocations=25 (full 0):
 garbage-first heap   total reserved 1927168K, committed 91136K, used 78923K [0x000000008a600000, 0x0000000100000000)
  region size 1024K, 26 young (26624K), 3 survivors (3072K)
 Metaspace       used 54739K, committed 56064K, reserved 1114112K
  class space    used 5973K, committed 6528K, reserved 1048576K
}
Event: 8.134 GC heap after
{Heap after GC invocations=26 (full 0):
 garbage-first heap   total reserved 1927168K, committed 152576K, used 60369K [0x000000008a600000, 0x0000000100000000)
  region size 1024K, 4 young (4096K), 4 survivors (4096K)
 Metaspace       used 54739K, committed 56064K, reserved 1114112K
  class space    used 5973K, committed 6528K, reserved 1048576K
}
Event: 8.363 GC heap before
{Heap before GC invocations=26 (full 0):
 garbage-first heap   total reserved 1927168K, committed 152576K, used 125905K [0x000000008a600000, 0x0000000100000000)
  region size 1024K, 69 young (70656K), 4 survivors (4096K)
 Metaspace       used 54842K, committed 56128K, reserved 1114112K
  class space    used 5973K, committed 6528K, reserved 1048576K
}
Event: 8.372 GC heap after
{Heap after GC invocations=27 (full 0):
 garbage-first heap   total reserved 1927168K, committed 152576K, used 72017K [0x000000008a600000, 0x0000000100000000)
  region size 1024K, 9 young (9216K), 9 survivors (9216K)
 Metaspace       used 54842K, committed 56128K, reserved 1114112K
  class space    used 5973K, committed 6528K, reserved 1048576K
}
Event: 8.417 GC heap before
{Heap before GC invocations=27 (full 0):
 garbage-first heap   total reserved 1927168K, committed 152576K, used 86353K [0x000000008a600000, 0x0000000100000000)
  region size 1024K, 24 young (24576K), 9 survivors (9216K)
 Metaspace       used 54850K, committed 56128K, reserved 1114112K
  class space    used 5973K, committed 6528K, reserved 1048576K
}
Event: 8.424 GC heap after
{Heap after GC invocations=28 (full 0):
 garbage-first heap   total reserved 1927168K, committed 152576K, used 75676K [0x000000008a600000, 0x0000000100000000)
  region size 1024K, 4 young (4096K), 4 survivors (4096K)
 Metaspace       used 54850K, committed 56128K, reserved 1114112K
  class space    used 5973K, committed 6528K, reserved 1048576K
}
Event: 8.629 GC heap before
{Heap before GC invocations=29 (full 0):
 garbage-first heap   total reserved 1927168K, committed 152576K, used 127900K [0x000000008a600000, 0x0000000100000000)
  region size 1024K, 54 young (55296K), 4 survivors (4096K)
 Metaspace       used 54927K, committed 56256K, reserved 1114112K
  class space    used 5973K, committed 6528K, reserved 1048576K
}
Event: 8.636 GC heap after
{Heap after GC invocations=30 (full 0):
 garbage-first heap   total reserved 1927168K, committed 152576K, used 84992K [0x000000008a600000, 0x0000000100000000)
  region size 1024K, 7 young (7168K), 7 survivors (7168K)
 Metaspace       used 54927K, committed 56256K, reserved 1114112K
  class space    used 5973K, committed 6528K, reserved 1048576K
}
Event: 8.782 GC heap before
{Heap before GC invocations=30 (full 0):
 garbage-first heap   total reserved 1927168K, committed 152576K, used 130048K [0x000000008a600000, 0x0000000100000000)
  region size 1024K, 52 young (53248K), 7 survivors (7168K)
 Metaspace       used 54951K, committed 56256K, reserved 1114112K
  class space    used 5973K, committed 6528K, reserved 1048576K
}
Event: 8.792 GC heap after
{Heap after GC invocations=31 (full 0):
 garbage-first heap   total reserved 1927168K, committed 210944K, used 92533K [0x000000008a600000, 0x0000000100000000)
  region size 1024K, 7 young (7168K), 7 survivors (7168K)
 Metaspace       used 54951K, committed 56256K, reserved 1114112K
  class space    used 5973K, committed 6528K, reserved 1048576K
}
Event: 9.091 GC heap before
{Heap before GC invocations=31 (full 0):
 garbage-first heap   total reserved 1927168K, committed 210944K, used 172405K [0x000000008a600000, 0x0000000100000000)
  region size 1024K, 85 young (87040K), 7 survivors (7168K)
 Metaspace       used 55071K, committed 56384K, reserved 1114112K
  class space    used 5981K, committed 6528K, reserved 1048576K
}
Event: 9.100 GC heap after
{Heap after GC invocations=32 (full 0):
 garbage-first heap   total reserved 1927168K, committed 210944K, used 106822K [0x000000008a600000, 0x0000000100000000)
  region size 1024K, 11 young (11264K), 11 survivors (11264K)
 Metaspace       used 55071K, committed 56384K, reserved 1114112K
  class space    used 5981K, committed 6528K, reserved 1048576K
}
Event: 9.318 GC heap before
{Heap before GC invocations=32 (full 0):
 garbage-first heap   total reserved 1927168K, committed 210944K, used 171334K [0x000000008a600000, 0x0000000100000000)
  region size 1024K, 75 young (76800K), 11 survivors (11264K)
 Metaspace       used 55350K, committed 56640K, reserved 1114112K
  class space    used 6013K, committed 6528K, reserved 1048576K
}

