# JRE version: Java(TM) SE Runtime Environment (22.0.1+8) (build 22.0.1+8-16)
# Java VM: Java HotSpot(TM) 64-Bit Server VM (22.0.1+8-16, mixed mode, sharing, tiered, compressed oops, compressed class ptrs, g1 gc, windows-amd64)
GC Precious Log:
 CardTable entry size: 512
 Card Set container configuration: InlinePtr #cards 5 size 8 Array Of Cards #cards 12 size 40 Howl #buckets 4 coarsen threshold 1843 Howl Bitmap #cards 512 size 80 coarsen threshold 460 Card regions per heap region 1 cards per card region 2048
 CPUs: 12 total, 12 available
 Memory: 7521M
 Large Page Support: Disabled
 NUMA Support: Disabled
 Compressed Oops: Enabled (32-bit)
 Heap Region Size: 1M
 Heap Min Capacity: 8M
 Heap Initial Capacity: 118M
 Heap Max Capacity: 1882M
 Pre-touch: Disabled
 Parallel Workers: 10
 Concurrent Workers: 3
 Concurrent Refinement Workers: 10
 Periodic GC: Disabled
Heap:
 garbage-first heap   total reserved 1927168K, committed 120832K, used 69632K [0x000000008a600000, 0x0000000100000000)
  region size 1024K, 4 young (4096K), 4 survivors (4096K)
 Metaspace       used 54845K, committed 56064K, reserved 1114112K
  class space    used 5976K, committed 6528K, reserved 1048576K
GC Heap History (20 events):
Event: 6.639 GC heap after
{Heap after GC invocations=17 (full 0):
 garbage-first heap   total reserved 1927168K, committed 71680K, used 34630K [0x000000008a600000, 0x0000000100000000)
  region size 1024K, 3 young (3072K), 3 survivors (3072K)
 Metaspace       used 51429K, committed 52544K, reserved 1114112K
  class space    used 5694K, committed 6144K, reserved 1048576K
}
Event: 7.157 GC heap before
{Heap before GC invocations=17 (full 0):
 garbage-first heap   total reserved 1927168K, committed 71680K, used 63302K [0x000000008a600000, 0x0000000100000000)
  region size 1024K, 31 young (31744K), 3 survivors (3072K)
 Metaspace       used 52802K, committed 54080K, reserved 1114112K
  class space    used 5836K, committed 6400K, reserved 1048576K
}
Event: 7.161 GC heap after
{Heap after GC invocations=18 (full 0):
 garbage-first heap   total reserved 1927168K, committed 71680K, used 38621K [0x000000008a600000, 0x0000000100000000)
  region size 1024K, 4 young (4096K), 4 survivors (4096K)
 Metaspace       used 52802K, committed 54080K, reserved 1114112K
  class space    used 5836K, committed 6400K, reserved 1048576K
}
Event: 7.410 GC heap before
{Heap before GC invocations=18 (full 0):
 garbage-first heap   total reserved 1927168K, committed 71680K, used 62173K [0x000000008a600000, 0x0000000100000000)
  region size 1024K, 28 young (28672K), 4 survivors (4096K)
 Metaspace       used 54181K, committed 55424K, reserved 1114112K
  class space    used 5955K, committed 6528K, reserved 1048576K
}
Event: 7.416 GC heap after
{Heap after GC invocations=19 (full 0):
 garbage-first heap   total reserved 1927168K, committed 71680K, used 40863K [0x000000008a600000, 0x0000000100000000)
  region size 1024K, 3 young (3072K), 3 survivors (3072K)
 Metaspace       used 54181K, committed 55424K, reserved 1114112K
  class space    used 5955K, committed 6528K, reserved 1048576K
}
Event: 7.563 GC heap before
{Heap before GC invocations=20 (full 0):
 garbage-first heap   total reserved 1927168K, committed 71680K, used 62367K [0x000000008a600000, 0x0000000100000000)
  region size 1024K, 25 young (25600K), 3 survivors (3072K)
 Metaspace       used 54363K, committed 55616K, reserved 1114112K
  class space    used 5968K, committed 6528K, reserved 1048576K
}
Event: 7.566 GC heap after
{Heap after GC invocations=21 (full 0):
 garbage-first heap   total reserved 1927168K, committed 71680K, used 43044K [0x000000008a600000, 0x0000000100000000)
  region size 1024K, 4 young (4096K), 4 survivors (4096K)
 Metaspace       used 54363K, committed 55616K, reserved 1114112K
  class space    used 5968K, committed 6528K, reserved 1048576K
}
Event: 7.657 GC heap before
{Heap before GC invocations=21 (full 0):
 garbage-first heap   total reserved 1927168K, committed 71680K, used 61476K [0x000000008a600000, 0x0000000100000000)
  region size 1024K, 23 young (23552K), 4 survivors (4096K)
 Metaspace       used 54560K, committed 55808K, reserved 1114112K
  class space    used 5975K, committed 6528K, reserved 1048576K
}
Event: 7.661 GC heap after
{Heap after GC invocations=22 (full 0):
 garbage-first heap   total reserved 1927168K, committed 71680K, used 45186K [0x000000008a600000, 0x0000000100000000)
  region size 1024K, 3 young (3072K), 3 survivors (3072K)
 Metaspace       used 54560K, committed 55808K, reserved 1114112K
  class space    used 5975K, committed 6528K, reserved 1048576K
}
Event: 7.726 GC heap before
{Heap before GC invocations=22 (full 0):
 garbage-first heap   total reserved 1927168K, committed 71680K, used 63618K [0x000000008a600000, 0x0000000100000000)
  region size 1024K, 21 young (21504K), 3 survivors (3072K)
 Metaspace       used 54616K, committed 55872K, reserved 1114112K
  class space    used 5975K, committed 6528K, reserved 1048576K
}
Event: 7.730 GC heap after
{Heap after GC invocations=23 (full 0):
 garbage-first heap   total reserved 1927168K, committed 71680K, used 48199K [0x000000008a600000, 0x0000000100000000)
  region size 1024K, 3 young (3072K), 3 survivors (3072K)
 Metaspace       used 54616K, committed 55872K, reserved 1114112K
  class space    used 5975K, committed 6528K, reserved 1048576K
}
Event: 7.789 GC heap before
{Heap before GC invocations=24 (full 0):
 garbage-first heap   total reserved 1927168K, committed 81920K, used 63559K [0x000000008a600000, 0x0000000100000000)
  region size 1024K, 18 young (18432K), 3 survivors (3072K)
 Metaspace       used 54630K, committed 55872K, reserved 1114112K
  class space    used 5975K, committed 6528K, reserved 1048576K
}
Event: 7.792 GC heap after
{Heap after GC invocations=25 (full 0):
 garbage-first heap   total reserved 1927168K, committed 98304K, used 50939K [0x000000008a600000, 0x0000000100000000)
  region size 1024K, 3 young (3072K), 3 survivors (3072K)
 Metaspace       used 54630K, committed 55872K, reserved 1114112K
  class space    used 5975K, committed 6528K, reserved 1048576K
}
Event: 7.912 GC heap before
{Heap before GC invocations=25 (full 0):
 garbage-first heap   total reserved 1927168K, committed 98304K, used 84731K [0x000000008a600000, 0x0000000100000000)
  region size 1024K, 37 young (37888K), 3 survivors (3072K)
 Metaspace       used 54742K, committed 55936K, reserved 1114112K
  class space    used 5975K, committed 6528K, reserved 1048576K
}
Event: 7.917 GC heap after
{Heap after GC invocations=26 (full 0):
 garbage-first heap   total reserved 1927168K, committed 98304K, used 55956K [0x000000008a600000, 0x0000000100000000)
  region size 1024K, 5 young (5120K), 5 survivors (5120K)
 Metaspace       used 54742K, committed 55936K, reserved 1114112K
  class space    used 5975K, committed 6528K, reserved 1048576K
}
Event: 8.007 GC heap before
{Heap before GC invocations=26 (full 0):
 garbage-first heap   total reserved 1927168K, committed 98304K, used 86676K [0x000000008a600000, 0x0000000100000000)
  region size 1024K, 35 young (35840K), 5 survivors (5120K)
 Metaspace       used 54773K, committed 56000K, reserved 1114112K
  class space    used 5976K, committed 6528K, reserved 1048576K
}
Event: 8.013 GC heap after
{Heap after GC invocations=27 (full 0):
 garbage-first heap   total reserved 1927168K, committed 98304K, used 61723K [0x000000008a600000, 0x0000000100000000)
  region size 1024K, 5 young (5120K), 5 survivors (5120K)
 Metaspace       used 54773K, committed 56000K, reserved 1114112K
  class space    used 5976K, committed 6528K, reserved 1048576K
}
Event: 8.108 GC heap before
{Heap before GC invocations=28 (full 0):
 garbage-first heap   total reserved 1927168K, committed 104448K, used 86299K [0x000000008a600000, 0x0000000100000000)
  region size 1024K, 29 young (29696K), 5 survivors (5120K)
 Metaspace       used 54808K, committed 56000K, reserved 1114112K
  class space    used 5976K, committed 6528K, reserved 1048576K
}
Event: 8.114 GC heap after
{Heap after GC invocations=29 (full 0):
 garbage-first heap   total reserved 1927168K, committed 104448K, used 65933K [0x000000008a600000, 0x0000000100000000)
  region size 1024K, 4 young (4096K), 4 survivors (4096K)
 Metaspace       used 54808K, committed 56000K, reserved 1114112K
  class space    used 5976K, committed 6528K, reserved 1048576K
}
Event: 8.196 GC heap before
{Heap before GC invocations=29 (full 0):
 garbage-first heap   total reserved 1927168K, committed 104448K, used 92557K [0x000000008a600000, 0x0000000100000000)
  region size 1024K, 30 young (30720K), 4 survivors (4096K)
 Metaspace       used 54845K, committed 56064K, reserved 1114112K
  class space    used 5976K, committed 6528K, reserved 1048576K
}

