# JRE version: Java(TM) SE Runtime Environment (22.0.1+8) (build 22.0.1+8-16)
# Java VM: Java HotSpot(TM) 64-Bit Server VM (22.0.1+8-16, mixed mode, sharing, tiered, compressed oops, compressed class ptrs, g1 gc, windows-amd64)
GC Precious Log:
 CardTable entry size: 512
 Card Set container configuration: InlinePtr #cards 5 size 8 Array Of Cards #cards 12 size 40 Howl #buckets 4 coarsen threshold 1843 Howl Bitmap #cards 512 size 80 coarsen threshold 460 Card regions per heap region 1 cards per card region 2048
 CPUs: 12 total, 12 available
 Memory: 7521M
 Large Page Support: Disabled
 NUMA Support: Disabled
 Compressed Oops: Enabled (32-bit)
 Heap Region Size: 1M
 Heap Min Capacity: 8M
 Heap Initial Capacity: 118M
 Heap Max Capacity: 1882M
 Pre-touch: Disabled
 Parallel Workers: 10
 Concurrent Workers: 3
 Concurrent Refinement Workers: 10
 Periodic GC: Disabled
Heap:
 garbage-first heap   total reserved 1927168K, committed 71680K, used 51377K [0x000000008a600000, 0x0000000100000000)
  region size 1024K, 3 young (3072K), 3 survivors (3072K)
 Metaspace       used 54749K, committed 55872K, reserved 1114112K
  class space    used 5980K, committed 6464K, reserved 1048576K
GC Heap History (20 events):
Event: 5.981 GC heap after
{Heap after GC invocations=12 (full 0):
 garbage-first heap   total reserved 1927168K, committed 58368K, used 28609K [0x000000008a600000, 0x0000000100000000)
  region size 1024K, 2 young (2048K), 2 survivors (2048K)
 Metaspace       used 47986K, committed 49024K, reserved 1114112K
  class space    used 5350K, committed 5760K, reserved 1048576K
}
Event: 6.413 GC heap before
{Heap before GC invocations=12 (full 0):
 garbage-first heap   total reserved 1927168K, committed 58368K, used 49089K [0x000000008a600000, 0x0000000100000000)
  region size 1024K, 23 young (23552K), 2 survivors (2048K)
 Metaspace       used 50054K, committed 51072K, reserved 1114112K
  class space    used 5575K, committed 5952K, reserved 1048576K
}
Event: 6.418 GC heap after
{Heap after GC invocations=13 (full 0):
 garbage-first heap   total reserved 1927168K, committed 58368K, used 30871K [0x000000008a600000, 0x0000000100000000)
  region size 1024K, 3 young (3072K), 3 survivors (3072K)
 Metaspace       used 50054K, committed 51072K, reserved 1114112K
  class space    used 5575K, committed 5952K, reserved 1048576K
}
Event: 6.824 GC heap before
{Heap before GC invocations=14 (full 0):
 garbage-first heap   total reserved 1927168K, committed 58368K, used 50327K [0x000000008a600000, 0x0000000100000000)
  region size 1024K, 22 young (22528K), 3 survivors (3072K)
 Metaspace       used 50484K, committed 51456K, reserved 1114112K
  class space    used 5599K, committed 5952K, reserved 1048576K
}
Event: 6.828 GC heap after
{Heap after GC invocations=15 (full 0):
 garbage-first heap   total reserved 1927168K, committed 58368K, used 32564K [0x000000008a600000, 0x0000000100000000)
  region size 1024K, 2 young (2048K), 2 survivors (2048K)
 Metaspace       used 50484K, committed 51456K, reserved 1114112K
  class space    used 5599K, committed 5952K, reserved 1048576K
}
Event: 7.014 GC heap before
{Heap before GC invocations=15 (full 0):
 garbage-first heap   total reserved 1927168K, committed 58368K, used 52020K [0x000000008a600000, 0x0000000100000000)
  region size 1024K, 21 young (21504K), 2 survivors (2048K)
 Metaspace       used 50673K, committed 51648K, reserved 1114112K
  class space    used 5599K, committed 5952K, reserved 1048576K
}
Event: 7.018 GC heap after
{Heap after GC invocations=16 (full 0):
 garbage-first heap   total reserved 1927168K, committed 58368K, used 33902K [0x000000008a600000, 0x0000000100000000)
  region size 1024K, 3 young (3072K), 3 survivors (3072K)
 Metaspace       used 50673K, committed 51648K, reserved 1114112K
  class space    used 5599K, committed 5952K, reserved 1048576K
}
Event: 7.233 GC heap before
{Heap before GC invocations=16 (full 0):
 garbage-first heap   total reserved 1927168K, committed 58368K, used 50286K [0x000000008a600000, 0x0000000100000000)
  region size 1024K, 19 young (19456K), 3 survivors (3072K)
 Metaspace       used 51202K, committed 52288K, reserved 1114112K
  class space    used 5666K, committed 6080K, reserved 1048576K
}
Event: 7.237 GC heap after
{Heap after GC invocations=17 (full 0):
 garbage-first heap   total reserved 1927168K, committed 70656K, used 34565K [0x000000008a600000, 0x0000000100000000)
  region size 1024K, 2 young (2048K), 2 survivors (2048K)
 Metaspace       used 51202K, committed 52288K, reserved 1114112K
  class space    used 5666K, committed 6080K, reserved 1048576K
}
Event: 7.843 GC heap before
{Heap before GC invocations=18 (full 0):
 garbage-first heap   total reserved 1927168K, committed 70656K, used 63237K [0x000000008a600000, 0x0000000100000000)
  region size 1024K, 29 young (29696K), 2 survivors (2048K)
 Metaspace       used 52695K, committed 53824K, reserved 1114112K
  class space    used 5832K, committed 6272K, reserved 1048576K
}
Event: 7.846 GC heap after
{Heap after GC invocations=19 (full 0):
 garbage-first heap   total reserved 1927168K, committed 70656K, used 38083K [0x000000008a600000, 0x0000000100000000)
  region size 1024K, 4 young (4096K), 4 survivors (4096K)
 Metaspace       used 52695K, committed 53824K, reserved 1114112K
  class space    used 5832K, committed 6272K, reserved 1048576K
}
Event: 8.076 GC heap before
{Heap before GC invocations=19 (full 0):
 garbage-first heap   total reserved 1927168K, committed 70656K, used 60611K [0x000000008a600000, 0x0000000100000000)
  region size 1024K, 27 young (27648K), 4 survivors (4096K)
 Metaspace       used 53493K, committed 54656K, reserved 1114112K
  class space    used 5888K, committed 6336K, reserved 1048576K
}
Event: 8.080 GC heap after
{Heap after GC invocations=20 (full 0):
 garbage-first heap   total reserved 1927168K, committed 70656K, used 38956K [0x000000008a600000, 0x0000000100000000)
  region size 1024K, 2 young (2048K), 2 survivors (2048K)
 Metaspace       used 53493K, committed 54656K, reserved 1114112K
  class space    used 5888K, committed 6336K, reserved 1048576K
}
Event: 8.234 GC heap before
{Heap before GC invocations=20 (full 0):
 garbage-first heap   total reserved 1927168K, committed 70656K, used 61484K [0x000000008a600000, 0x0000000100000000)
  region size 1024K, 25 young (25600K), 2 survivors (2048K)
 Metaspace       used 54420K, committed 55616K, reserved 1114112K
  class space    used 5967K, committed 6464K, reserved 1048576K
}
Event: 8.237 GC heap after
{Heap after GC invocations=21 (full 0):
 garbage-first heap   total reserved 1927168K, committed 70656K, used 41898K [0x000000008a600000, 0x0000000100000000)
  region size 1024K, 4 young (4096K), 4 survivors (4096K)
 Metaspace       used 54420K, committed 55616K, reserved 1114112K
  class space    used 5967K, committed 6464K, reserved 1048576K
}
Event: 8.344 GC heap before
{Heap before GC invocations=22 (full 0):
 garbage-first heap   total reserved 1927168K, committed 70656K, used 61354K [0x000000008a600000, 0x0000000100000000)
  region size 1024K, 24 young (24576K), 4 survivors (4096K)
 Metaspace       used 54668K, committed 55808K, reserved 1114112K
  class space    used 5980K, committed 6464K, reserved 1048576K
}
Event: 8.349 GC heap after
{Heap after GC invocations=23 (full 0):
 garbage-first heap   total reserved 1927168K, committed 70656K, used 44485K [0x000000008a600000, 0x0000000100000000)
  region size 1024K, 3 young (3072K), 3 survivors (3072K)
 Metaspace       used 54668K, committed 55808K, reserved 1114112K
  class space    used 5980K, committed 6464K, reserved 1048576K
}
Event: 8.407 GC heap before
{Heap before GC invocations=23 (full 0):
 garbage-first heap   total reserved 1927168K, committed 70656K, used 62917K [0x000000008a600000, 0x0000000100000000)
  region size 1024K, 21 young (21504K), 3 survivors (3072K)
 Metaspace       used 54741K, committed 55872K, reserved 1114112K
  class space    used 5980K, committed 6464K, reserved 1048576K
}
Event: 8.412 GC heap after
{Heap after GC invocations=24 (full 0):
 garbage-first heap   total reserved 1927168K, committed 71680K, used 47821K [0x000000008a600000, 0x0000000100000000)
  region size 1024K, 3 young (3072K), 3 survivors (3072K)
 Metaspace       used 54741K, committed 55872K, reserved 1114112K
  class space    used 5980K, committed 6464K, reserved 1048576K
}
Event: 8.457 GC heap before
{Heap before GC invocations=24 (full 0):
 garbage-first heap   total reserved 1927168K, committed 71680K, used 64205K [0x000000008a600000, 0x0000000100000000)
  region size 1024K, 19 young (19456K), 3 survivors (3072K)
 Metaspace       used 54749K, committed 55872K, reserved 1114112K
  class space    used 5980K, committed 6464K, reserved 1048576K
}

